[2017-07-09 02:13:29] START
[2017-07-09 02:15:00] EDIT collatz/views/layout.html: -57
[2017-07-09 02:15:15] EDIT collatz/views/layout.html: -12
[2017-07-09 02:15:31] EDIT collatz/views/default/index.html: -48
[2017-07-09 02:15:44] EDIT collatz/views/layout.html: -1
[2017-07-09 02:16:04] EDIT collatz/views/layout.html: 0
[2017-07-09 02:16:22] EDIT collatz/views/default/index.html: 1
[2017-07-09 02:16:36] EDIT collatz/controllers/default.py: 0
[2017-07-09 02:19:42] EDIT collatz/views/default/index.html: 15
[2017-07-09 02:19:43] EDIT collatz/views/default/index.html: 0
[2017-07-09 02:19:45] EDIT collatz/views/default/index.html: 0
[2017-07-09 02:22:40] EDIT collatz/views/default/index.html: 19
[2017-07-09 02:23:04] EDIT collatz/views/default/index.html: 1
[2017-07-09 02:23:37] EDIT collatz/views/default/index.html: -7
[2017-07-09 02:25:30] EDIT collatz/views/default/index.html: 2
[2017-07-09 02:25:50] EDIT collatz/views/default/index.html: 1
[2017-07-09 02:27:05] EDIT collatz/views/default/index.html: 0
[2017-07-09 02:27:08] EDIT collatz/views/default/index.html: 0
[2017-07-09 02:27:33] EDIT collatz/views/default/index.html: 1
[2017-07-09 02:27:57] EDIT collatz/views/default/index.html: 1
[2017-07-09 02:30:11] EDIT collatz/views/default/index.html: 3
[2017-07-09 02:30:15] EDIT collatz/views/default/index.html: 0
[2017-07-09 02:30:23] EDIT collatz/views/default/index.html: -1
[2017-07-09 02:30:43] EDIT collatz/views/default/index.html: -1
[2017-07-09 02:31:13] EDIT collatz/views/default/index.html: -1
[2017-07-09 02:32:06] EDIT collatz/views/default/index.html: 0
[2017-07-09 02:32:07] EDIT collatz/views/default/index.html: 0
[2017-07-09 02:33:04] EDIT collatz/views/layout.html: 3
[2017-07-09 02:33:18] EDIT collatz/views/layout.html: 0
[2017-07-09 02:33:51] EDIT collatz/views/default/index.html: 0
[2017-07-09 02:36:10] EDIT collatz/views/default/index.html: 5
[2017-07-09 02:36:51] EDIT collatz/views/default/index.html: 0
[2017-07-09 02:43:10] EDIT collatz/views/default/index.html: 2
[2017-07-09 02:44:21] EDIT collatz/views/default/index.html: 0
[2017-07-09 02:45:25] EDIT collatz/views/default/index.html: 0
[2017-07-09 02:46:12] EDIT collatz/views/default/index.html: 0
[2017-07-09 02:51:33] EDIT collatz/views/default/index.html: 1
[2017-07-09 02:52:09] EDIT collatz/views/default/index.html: 0
[2017-07-09 02:52:10] EDIT collatz/views/default/index.html: 0
[2017-07-09 02:52:25] EDIT collatz/views/default/index.html: 0
[2017-07-09 02:52:54] EDIT collatz/controllers/default.py: -1
[2017-07-09 02:53:50] EDIT collatz/views/default/index.html: -2
[2017-07-09 02:54:06] EDIT collatz/views/default/index.html: 2
[2017-07-09 03:10:46] EDIT collatz/views/default/index.html: 0
[2017-07-09 03:10:58] EDIT collatz/views/layout.html: 0
[2017-07-09 03:11:08] EDIT collatz/views/layout.html: 0
[2017-07-09 03:19:16] EDIT collatz/views/default/index.html: 0
[2017-07-09 03:19:35] EDIT collatz/views/default/index.html: 0
[2017-07-09 03:21:05] EDIT collatz/views/default/index.html: 0
[2017-07-09 03:21:26] EDIT collatz/views/default/index.html: 0
[2017-07-09 03:22:14] EDIT collatz/views/default/index.html: 0
[2018-01-19 19:56:00] EDIT collatz/views/default/index.html: 2
[2018-01-19 19:57:25] EDIT collatz/views/default/index.html: 0
[2018-01-19 19:59:17] EDIT collatz/views/default/index.html: 0
[2018-01-19 19:59:42] EDIT collatz/views/default/index.html: 0
[2018-01-19 20:01:04] EDIT collatz/views/default/index.html: 1
[2018-01-19 20:01:14] EDIT collatz/views/default/index.html: 0
[2018-01-19 20:01:50] EDIT collatz/views/default/index.html: 0
[2018-01-19 20:01:57] EDIT collatz/views/default/index.html: 0
